18:43:40 [main][] INFO  com.macrosan.CsmsSimpleApplication - Starting CsmsSimpleApplication on USER-20161013UJ with PID 5588 (D:\GitRepository\CSMSDemo\target\classes started by Administrator in D:\GitRepository\CSMSDemo)
18:43:40 [main][] DEBUG com.macrosan.CsmsSimpleApplication - Running with Spring Boot v2.3.1.RELEASE, Spring v5.2.7.RELEASE
18:43:40 [main][] INFO  com.macrosan.CsmsSimpleApplication - No active profile set, falling back to default profiles: default
18:43:43 [main][] INFO  com.macrosan.CsmsSimpleApplication - Started CsmsSimpleApplication in 2.379 seconds (JVM running for 2.898)
18:44:10 [http-nio-8100-exec-3][] DEBUG c.m.m.UserMapper.findUserByUserName - ==>  Preparing: select * from csms_users where username=?
18:44:10 [http-nio-8100-exec-3][] DEBUG c.m.m.UserMapper.findUserByUserName - ==> Parameters: admin(String)
18:44:10 [http-nio-8100-exec-3][] DEBUG c.m.m.UserMapper.findUserByUserName - <==      Total: 1
18:44:10 [http-nio-8100-exec-5][] DEBUG c.m.mapper.UserMapper.getUserRole - ==>  Preparing: select u.id,u.username as userName,r.name as roleName from csms_users u left join csms_user_roles u1 on u.id=u1.user_id left join csms_roles r on u1.role_id=r.id WHERE u.id=?
18:44:10 [http-nio-8100-exec-5][] DEBUG c.m.mapper.UserMapper.getUserRole - ==> Parameters: 51(Integer)
18:44:10 [http-nio-8100-exec-5][] DEBUG c.m.mapper.UserMapper.getUserRole - <==      Total: 3
18:44:10 [http-nio-8100-exec-5][] INFO  c.m.common.aop.MethodQueryTimeAOP - Method Execute Time ==> 11ms
18:44:12 [http-nio-8100-exec-8][] DEBUG c.m.mapper.ProjectMapper.getRowCount - ==>  Preparing: select count(*) from csms_projects
18:44:12 [http-nio-8100-exec-8][] DEBUG c.m.mapper.ProjectMapper.getRowCount - ==> Parameters: 
18:44:12 [http-nio-8100-exec-8][] DEBUG c.m.mapper.ProjectMapper.getRowCount - <==      Total: 1
18:44:12 [http-nio-8100-exec-8][] DEBUG c.m.mapper.ProjectMapper.findObjects - ==>  Preparing: select id,name,serviceDept,weibao,proSource ,proWeihu,proType,createdTime,modifiedTime from csms_projects order by id desc limit ?,?
18:44:12 [http-nio-8100-exec-8][] DEBUG c.m.mapper.ProjectMapper.findObjects - ==> Parameters: 0(Integer), 5(Integer)
18:44:12 [http-nio-8100-exec-8][] DEBUG c.m.mapper.ProjectMapper.findObjects - <==      Total: 5
18:44:12 [http-nio-8100-exec-8][] INFO  c.m.common.aop.MethodQueryTimeAOP - Method Execute Time ==> 19ms
18:44:14 [http-nio-8100-exec-9][] DEBUG c.m.m.U.getUserRolesById - ==>  Preparing: select * from csms_user_roles where user_id=?
18:44:14 [http-nio-8100-exec-9][] DEBUG c.m.m.U.getUserRolesById - ==> Parameters: 51(Integer)
18:44:14 [http-nio-8100-exec-9][] DEBUG c.m.m.U.getUserRolesById - <==      Total: 3
18:44:14 [http-nio-8100-exec-9][] DEBUG c.m.m.R.getPermissionsByRoleIds - ==>  Preparing: select permission from csms_roles WHERE id=? or id=? or id=?
18:44:14 [http-nio-8100-exec-9][] DEBUG c.m.m.R.getPermissionsByRoleIds - ==> Parameters: 10(Integer), 11(Integer), 12(Integer)
18:44:14 [http-nio-8100-exec-9][] DEBUG c.m.m.R.getPermissionsByRoleIds - <==      Total: 3
18:44:14 [http-nio-8100-exec-9][] DEBUG c.m.m.ProjectMapper.deleteObject - ==>  Preparing: delete from csms_projects where id=?
18:44:14 [http-nio-8100-exec-9][] DEBUG c.m.m.ProjectMapper.deleteObject - ==> Parameters: 33(Integer)
18:44:14 [http-nio-8100-exec-9][] DEBUG c.m.m.ProjectMapper.deleteObject - <==    Updates: 1
18:44:14 [http-nio-8100-exec-9][] INFO  c.m.common.aop.MethodQueryTimeAOP - Method Execute Time ==> 80ms
18:44:14 [http-nio-8100-exec-10][] DEBUG c.m.mapper.ProjectMapper.getRowCount - ==>  Preparing: select count(*) from csms_projects
18:44:14 [http-nio-8100-exec-10][] DEBUG c.m.mapper.ProjectMapper.getRowCount - ==> Parameters: 
18:44:14 [http-nio-8100-exec-10][] DEBUG c.m.mapper.ProjectMapper.getRowCount - <==      Total: 1
18:44:14 [http-nio-8100-exec-10][] DEBUG c.m.mapper.ProjectMapper.findObjects - ==>  Preparing: select id,name,serviceDept,weibao,proSource ,proWeihu,proType,createdTime,modifiedTime from csms_projects order by id desc limit ?,?
18:44:14 [http-nio-8100-exec-10][] DEBUG c.m.mapper.ProjectMapper.findObjects - ==> Parameters: 0(Integer), 5(Integer)
18:44:14 [http-nio-8100-exec-10][] DEBUG c.m.mapper.ProjectMapper.findObjects - <==      Total: 5
18:44:14 [http-nio-8100-exec-10][] INFO  c.m.common.aop.MethodQueryTimeAOP - Method Execute Time ==> 5ms
18:44:19 [http-nio-8100-exec-1][] DEBUG c.m.mapper.ProjectMapper.getRowCount - ==>  Preparing: select count(*) from csms_projects WHERE name like concat("%",?,"%")
18:44:19 [http-nio-8100-exec-1][] DEBUG c.m.mapper.ProjectMapper.getRowCount - ==> Parameters: 庄波(String)
18:44:19 [http-nio-8100-exec-1][] DEBUG c.m.mapper.ProjectMapper.getRowCount - <==      Total: 1
18:44:27 [http-nio-8100-exec-3][] DEBUG c.m.mapper.ProjectMapper.getRowCount - ==>  Preparing: select count(*) from csms_projects WHERE name like concat("%",?,"%")
18:44:27 [http-nio-8100-exec-3][] DEBUG c.m.mapper.ProjectMapper.getRowCount - ==> Parameters: 南京(String)
18:44:27 [http-nio-8100-exec-3][] DEBUG c.m.mapper.ProjectMapper.getRowCount - <==      Total: 1
18:44:27 [http-nio-8100-exec-3][] DEBUG c.m.mapper.ProjectMapper.findObjects - ==>  Preparing: select id,name,serviceDept,weibao,proSource ,proWeihu,proType,createdTime,modifiedTime from csms_projects WHERE name like concat("%",?,"%") order by id desc limit ?,?
18:44:27 [http-nio-8100-exec-3][] DEBUG c.m.mapper.ProjectMapper.findObjects - ==> Parameters: 南京(String), 0(Integer), 5(Integer)
18:44:27 [http-nio-8100-exec-3][] DEBUG c.m.mapper.ProjectMapper.findObjects - <==      Total: 3
18:44:27 [http-nio-8100-exec-3][] INFO  c.m.common.aop.MethodQueryTimeAOP - Method Execute Time ==> 10ms
